<?xml version="1.0" encoding="UTF-8"?>
<testng-results ignored="0" total="1" passed="1" failed="0" skipped="0">
  <reporter-output>
  </reporter-output>
  <suite started-at="2023-10-23T13:17:18 EET" name="Default suite" finished-at="2023-10-23T13:17:28 EET" duration-ms="9157">
    <groups>
    </groups>
    <test started-at="2023-10-23T13:17:18 EET" name="Default test" finished-at="2023-10-23T13:17:28 EET" duration-ms="9157">
      <class name="project2">
        <test-method is-config="true" signature="myBeforeTest()[pri:0, instance:project2@75e01201]" started-at="2023-10-23T13:17:18 EET" name="myBeforeTest" finished-at="2023-10-23T13:17:27 EET" duration-ms="8744" status="PASS">
          <reporter-output>
          </reporter-output>
        </test-method> <!-- myBeforeTest -->
        <test-method signature="myTest()[pri:0, instance:project2@75e01201]" started-at="2023-10-23T13:17:27 EET" name="myTest" finished-at="2023-10-23T13:17:28 EET" duration-ms="386" status="PASS">
          <reporter-output>
          </reporter-output>
        </test-method> <!-- myTest -->
        <test-method is-config="true" signature="myAfterTest()[pri:0, instance:project2@75e01201]" started-at="2023-10-23T13:17:28 EET" name="myAfterTest" finished-at="2023-10-23T13:17:28 EET" duration-ms="0" status="PASS">
          <reporter-output>
          </reporter-output>
        </test-method> <!-- myAfterTest -->
      </class> <!-- project2 -->
    </test> <!-- Default test -->
  </suite> <!-- Default suite -->
</testng-results>
